2023-02-02T18:26:44.979-08:00  INFO 9528 --- [main] c.septim.twitchapp.TwitchAppApplication  : Starting TwitchAppApplication using Java 17.0.5 with PID 9528 (C:\0PROJECT\0LaiOffer\LaiOfferProject1_Twitch\twitchApp\build\classes\java\main started by x412j in C:\0PROJECT\0LaiOffer\LaiOfferProject1_Twitch\twitchApp)
2023-02-02T18:26:44.986-08:00  INFO 9528 --- [main] c.septim.twitchapp.TwitchAppApplication  : No active profile set, falling back to 1 default profile: "default"
2023-02-02T18:26:45.729-08:00  INFO 9528 --- [main] .s.d.r.c.RepositoryConfigurationDelegate : Bootstrapping Spring Data JDBC repositories in DEFAULT mode.
2023-02-02T18:26:45.876-08:00  INFO 9528 --- [main] .s.d.r.c.RepositoryConfigurationDelegate : Finished Spring Data repository scanning in 142 ms. Found 3 JDBC repository interfaces.
2023-02-02T18:26:46.321-08:00  INFO 9528 --- [main] o.s.b.w.embedded.tomcat.TomcatWebServer  : Tomcat initialized with port(s): 8080 (http)
2023-02-02T18:26:46.332-08:00  INFO 9528 --- [main] o.apache.catalina.core.StandardService   : Starting service [Tomcat]
2023-02-02T18:26:46.332-08:00  INFO 9528 --- [main] o.apache.catalina.core.StandardEngine    : Starting Servlet engine: [Apache Tomcat/10.1.4]
2023-02-02T18:26:46.420-08:00  INFO 9528 --- [main] o.a.c.c.C.[Tomcat].[localhost].[/]       : Initializing Spring embedded WebApplicationContext
2023-02-02T18:26:46.420-08:00  INFO 9528 --- [main] w.s.c.ServletWebServerApplicationContext : Root WebApplicationContext: initialization completed in 1395 ms
2023-02-02T18:26:46.504-08:00  INFO 9528 --- [main] o.s.s.p.JdbcUserDetailsManager           : No authentication manager set. Reauthentication of users when changing passwords will not be performed.
2023-02-02T18:26:46.536-08:00  INFO 9528 --- [main] com.zaxxer.hikari.HikariDataSource       : HikariPool-1 - Starting...
2023-02-02T18:26:46.827-08:00  INFO 9528 --- [main] com.zaxxer.hikari.pool.HikariPool        : HikariPool-1 - Added connection com.mysql.cj.jdbc.ConnectionImpl@2017f6e6
2023-02-02T18:26:46.833-08:00  INFO 9528 --- [main] com.zaxxer.hikari.HikariDataSource       : HikariPool-1 - Start completed.
2023-02-02T18:26:47.723-08:00  INFO 9528 --- [main] o.s.s.web.DefaultSecurityFilterChain     : Will secure any request with [org.springframework.security.web.session.DisableEncodeUrlFilter@2619cb76, org.springframework.security.web.context.request.async.WebAsyncManagerIntegrationFilter@56f2c9e8, org.springframework.security.web.context.SecurityContextHolderFilter@3578a45b, org.springframework.security.web.header.HeaderWriterFilter@20f63ddc, org.springframework.security.web.authentication.logout.LogoutFilter@57fce8b, org.springframework.security.web.authentication.UsernamePasswordAuthenticationFilter@5daad59a, org.springframework.security.web.savedrequest.RequestCacheAwareFilter@65e05005, org.springframework.security.web.servletapi.SecurityContextHolderAwareRequestFilter@569a26ab, org.springframework.security.web.authentication.AnonymousAuthenticationFilter@457692cb, org.springframework.security.web.access.ExceptionTranslationFilter@62054faf, org.springframework.security.web.access.intercept.AuthorizationFilter@11295cb1]
2023-02-02T18:26:47.883-08:00  INFO 9528 --- [main] o.s.b.w.embedded.tomcat.TomcatWebServer  : Tomcat started on port(s): 8080 (http) with context path ''
2023-02-02T18:26:47.890-08:00  INFO 9528 --- [main] c.septim.twitchapp.TwitchAppApplication  : Started TwitchAppApplication in 3.33 seconds (process running for 5.377)
2023-02-02T18:26:47.966-08:00 DEBUG 9528 --- [main] o.s.jdbc.core.JdbcTemplate               : Executing prepared SQL update
2023-02-02T18:26:47.967-08:00 DEBUG 9528 --- [main] o.s.jdbc.core.JdbcTemplate               : Executing prepared SQL statement [insert into users (username, password, enabled) values (?,?,?)]
2023-02-02T18:26:47.988-08:00 DEBUG 9528 --- [main] o.s.jdbc.core.JdbcTemplate               : Executing prepared SQL update
2023-02-02T18:26:47.988-08:00 DEBUG 9528 --- [main] o.s.jdbc.core.JdbcTemplate               : Executing prepared SQL statement [insert into authorities (username, authority) values (?,?)]
2023-02-02T18:26:48.008-08:00 DEBUG 9528 --- [main] o.s.jdbc.core.JdbcTemplate               : Executing prepared SQL update
2023-02-02T18:26:48.008-08:00 DEBUG 9528 --- [main] o.s.jdbc.core.JdbcTemplate               : Executing prepared SQL statement [UPDATE users SET first_name = ?, last_name = ? WHERE username = ?]
2023-02-02T18:27:35.404-08:00  INFO 9528 --- [SpringApplicationShutdownHook] com.zaxxer.hikari.HikariDataSource       : HikariPool-1 - Shutdown initiated...
2023-02-02T18:27:35.416-08:00  INFO 9528 --- [SpringApplicationShutdownHook] com.zaxxer.hikari.HikariDataSource       : HikariPool-1 - Shutdown completed.
